<?xml version="1.0" encoding="UTF-8"?>
<!-- Generated by org.testng.reporters.JUnitReportReporter -->
<testsuite hostname="LAPTOP-ISGCSDAA" failures="0" tests="2" name="TestScenarios.TestMethod_Googlesearch" time="26.660" errors="0" timestamp="2024-06-11T01:02:49 IST" skipped="0">
  <testcase classname="TestScenarios.TestMethod_Googlesearch" name="searchoperation" time="21.633"/>
  <testcase classname="TestScenarios.TestMethod_Googlesearch" name="getTitlee" time="5.027"/>
</testsuite> <!-- TestScenarios.TestMethod_Googlesearch -->
