<?xml version="1.0" encoding="UTF-8"?>
<!-- Generated by org.testng.reporters.JUnitReportReporter -->
<testsuite hostname="LAPTOP-ISGCSDAA" failures="0" tests="2" name="TestScenarios.TestMethod_Googlesearch" time="27.145" errors="0" timestamp="2024-06-13T01:20:35 IST" skipped="0">
  <testcase classname="TestScenarios.TestMethod_Googlesearch" name="getTitlee" time="5.024"/>
  <testcase classname="TestScenarios.TestMethod_Googlesearch" name="searchoperation" time="22.121"/>
</testsuite> <!-- TestScenarios.TestMethod_Googlesearch -->
